<?xml version="1.0" encoding="UTF-8"?>
<!-- Generated by org.testng.reporters.JUnitReportReporter -->
<testsuite skipped="0" hostname="TL0017" name="testcase.LoginFuntionality" tests="2" failures="0" timestamp="2023-10-24T11:58:46 IST" time="40.203" errors="0">
  <testcase name="runLogin" time="23.157" classname="testcase.LoginFuntionality"/>
  <system-out/>
  <testcase name="runLogin" time="17.046" classname="testcase.LoginFuntionality"/>
  <system-out/>
</testsuite> <!-- testcase.LoginFuntionality -->
