<?xml version="1.0" encoding="UTF-8"?>
<!-- Generated by org.testng.reporters.JUnitReportReporter -->
<testsuite skipped="0" hostname="TL0017" name="testcase.CreateLeads" tests="2" failures="0" timestamp="2023-10-24T11:58:46 IST" time="108.492" errors="0">
  <testcase name="runCreate" time="51.321" classname="testcase.CreateLeads"/>
  <system-out/>
  <testcase name="runCreate" time="57.171" classname="testcase.CreateLeads"/>
  <system-out/>
</testsuite> <!-- testcase.CreateLeads -->
